<?xml version="1.0" encoding="UTF-8"?>
<coverage generated="1739481954293" clover="3.2.0">
  <project timestamp="1739481954293" name="All files">
    <metrics statements="66" coveredstatements="62" conditionals="43" coveredconditionals="38" methods="17" coveredmethods="17" elements="126" coveredelements="117" complexity="0" loc="66" ncloc="66" packages="2" files="7" classes="7"/>
    <package name="src">
      <metrics statements="26" coveredstatements="25" conditionals="15" coveredconditionals="13" methods="7" coveredmethods="7"/>
      <file name="compareData.js" path="/home/huareu/projects/frontend-project-46/src/compareData.js">
        <metrics statements="12" coveredstatements="12" conditionals="10" coveredconditionals="10" methods="2" coveredmethods="2"/>
        <line num="4" count="45" type="stmt"/>
        <line num="6" count="45" type="stmt"/>
        <line num="7" count="162" type="cond" truecount="4" falsecount="0"/>
        <line num="8" count="36" type="stmt"/>
        <line num="11" count="126" type="cond" truecount="2" falsecount="0"/>
        <line num="12" count="45" type="stmt"/>
        <line num="14" count="81" type="cond" truecount="2" falsecount="0"/>
        <line num="15" count="18" type="stmt"/>
        <line num="17" count="63" type="cond" truecount="2" falsecount="0"/>
        <line num="18" count="36" type="stmt"/>
        <line num="23" count="27" type="stmt"/>
        <line num="26" count="45" type="stmt"/>
      </file>
      <file name="gendiff.js" path="/home/huareu/projects/frontend-project-46/src/gendiff.js">
        <metrics statements="9" coveredstatements="9" conditionals="1" coveredconditionals="0" methods="4" coveredmethods="4"/>
        <line num="7" count="18" type="stmt"/>
        <line num="8" count="18" type="stmt"/>
        <line num="9" count="18" type="stmt"/>
        <line num="12" count="9" type="stmt"/>
        <line num="13" count="9" type="stmt"/>
        <line num="15" count="9" type="stmt"/>
        <line num="16" count="9" type="stmt"/>
        <line num="18" count="9" type="stmt"/>
        <line num="20" count="9" type="stmt"/>
      </file>
      <file name="parseFile.js" path="/home/huareu/projects/frontend-project-46/src/parseFile.js">
        <metrics statements="5" coveredstatements="4" conditionals="4" coveredconditionals="3" methods="1" coveredmethods="1"/>
        <line num="4" count="18" type="cond" truecount="3" falsecount="1"/>
        <line num="6" count="6" type="stmt"/>
        <line num="8" count="6" type="stmt"/>
        <line num="10" count="6" type="stmt"/>
        <line num="12" count="0" type="stmt"/>
      </file>
    </package>
    <package name="src.formatters">
      <metrics statements="40" coveredstatements="37" conditionals="28" coveredconditionals="25" methods="10" coveredmethods="10"/>
      <file name="index.js" path="/home/huareu/projects/frontend-project-46/src/formatters/index.js">
        <metrics statements="5" coveredstatements="4" conditionals="4" coveredconditionals="3" methods="1" coveredmethods="1"/>
        <line num="6" count="9" type="cond" truecount="3" falsecount="1"/>
        <line num="8" count="3" type="stmt"/>
        <line num="10" count="3" type="stmt"/>
        <line num="12" count="3" type="stmt"/>
        <line num="14" count="0" type="stmt"/>
      </file>
      <file name="json.js" path="/home/huareu/projects/frontend-project-46/src/formatters/json.js">
        <metrics statements="1" coveredstatements="1" conditionals="0" coveredconditionals="0" methods="1" coveredmethods="1"/>
        <line num="1" count="3" type="stmt"/>
      </file>
      <file name="plain.js" path="/home/huareu/projects/frontend-project-46/src/formatters/plain.js">
        <metrics statements="15" coveredstatements="14" conditionals="13" coveredconditionals="12" methods="3" coveredmethods="3"/>
        <line num="3" count="1" type="stmt"/>
        <line num="4" count="39" type="cond" truecount="2" falsecount="0"/>
        <line num="5" count="9" type="stmt"/>
        <line num="7" count="30" type="cond" truecount="2" falsecount="0"/>
        <line num="11" count="15" type="stmt"/>
        <line num="14" count="54" type="stmt"/>
        <line num="15" count="54" type="cond" truecount="2" falsecount="0"/>
        <line num="16" count="54" type="cond" truecount="5" falsecount="1"/>
        <line num="18" count="12" type="stmt"/>
        <line num="20" count="15" type="stmt"/>
        <line num="22" count="6" type="stmt"/>
        <line num="24" count="12" type="stmt"/>
        <line num="26" count="9" type="stmt"/>
        <line num="28" count="0" type="stmt"/>
        <line num="31" count="15" type="stmt"/>
      </file>
      <file name="stylish.js" path="/home/huareu/projects/frontend-project-46/src/formatters/stylish.js">
        <metrics statements="19" coveredstatements="18" conditionals="11" coveredconditionals="10" methods="5" coveredmethods="5"/>
        <line num="3" count="72" type="cond" truecount="2" falsecount="0"/>
        <line num="6" count="81" type="cond" truecount="2" falsecount="0"/>
        <line num="7" count="60" type="stmt"/>
        <line num="10" count="21" type="stmt"/>
        <line num="11" count="21" type="stmt"/>
        <line num="13" count="27" type="stmt"/>
        <line num="15" count="21" type="stmt"/>
        <line num="21" count="15" type="stmt"/>
        <line num="22" count="15" type="stmt"/>
        <line num="23" count="15" type="stmt"/>
        <line num="26" count="54" type="stmt"/>
        <line num="27" count="54" type="cond" truecount="5" falsecount="1"/>
        <line num="29" count="12" type="stmt"/>
        <line num="31" count="15" type="stmt"/>
        <line num="33" count="6" type="stmt"/>
        <line num="35" count="12" type="stmt"/>
        <line num="40" count="9" type="stmt"/>
        <line num="42" count="0" type="stmt"/>
        <line num="45" count="15" type="stmt"/>
      </file>
    </package>
  </project>
</coverage>
