{"/home/huareu/projects/frontend-project-46/src/compareData.js": {"path":"/home/huareu/projects/frontend-project-46/src/compareData.js","statementMap":{"0":{"start":{"line":4,"column":15},"end":{"line":4,"column":70}},"1":{"start":{"line":6,"column":18},"end":{"line":24,"column":4}},"2":{"start":{"line":7,"column":4},"end":{"line":9,"column":5}},"3":{"start":{"line":8,"column":6},"end":{"line":8,"column":83}},"4":{"start":{"line":11,"column":4},"end":{"line":13,"column":5}},"5":{"start":{"line":12,"column":6},"end":{"line":12,"column":57}},"6":{"start":{"line":14,"column":4},"end":{"line":16,"column":5}},"7":{"start":{"line":15,"column":6},"end":{"line":15,"column":59}},"8":{"start":{"line":17,"column":4},"end":{"line":21,"column":5}},"9":{"start":{"line":18,"column":6},"end":{"line":20,"column":8}},"10":{"start":{"line":23,"column":4},"end":{"line":23,"column":59}},"11":{"start":{"line":26,"column":2},"end":{"line":26,"column":17}}},"fnMap":{"0":{"name":"compareData","decl":{"start":{"line":3,"column":24},"end":{"line":3,"column":35}},"loc":{"start":{"line":3,"column":50},"end":{"line":27,"column":1}},"line":3},"1":{"name":"(anonymous_1)","decl":{"start":{"line":6,"column":39},"end":{"line":6,"column":40}},"loc":{"start":{"line":6,"column":48},"end":{"line":24,"column":3}},"line":6}},"branchMap":{"0":{"loc":{"start":{"line":7,"column":4},"end":{"line":9,"column":5}},"type":"if","locations":[{"start":{"line":7,"column":4},"end":{"line":9,"column":5}},{"start":{},"end":{}}],"line":7},"1":{"loc":{"start":{"line":7,"column":8},"end":{"line":7,"column":66}},"type":"binary-expr","locations":[{"start":{"line":7,"column":8},"end":{"line":7,"column":35}},{"start":{"line":7,"column":39},"end":{"line":7,"column":66}}],"line":7},"2":{"loc":{"start":{"line":11,"column":4},"end":{"line":13,"column":5}},"type":"if","locations":[{"start":{"line":11,"column":4},"end":{"line":13,"column":5}},{"start":{},"end":{}}],"line":11},"3":{"loc":{"start":{"line":14,"column":4},"end":{"line":16,"column":5}},"type":"if","locations":[{"start":{"line":14,"column":4},"end":{"line":16,"column":5}},{"start":{},"end":{}}],"line":14},"4":{"loc":{"start":{"line":17,"column":4},"end":{"line":21,"column":5}},"type":"if","locations":[{"start":{"line":17,"column":4},"end":{"line":21,"column":5}},{"start":{},"end":{}}],"line":17}},"s":{"0":45,"1":45,"2":162,"3":36,"4":126,"5":45,"6":81,"7":18,"8":63,"9":36,"10":27,"11":45},"f":{"0":45,"1":162},"b":{"0":[36,126],"1":[162,54],"2":[45,81],"3":[18,63],"4":[36,27]},"_coverageSchema":"1a1c01bbd47fc00a2c39e90264f33305004495a9","hash":"ba9ccb94ea2e059a6534787379d19c01cb34f7ba"}
,"/home/huareu/projects/frontend-project-46/src/gendiff.js": {"path":"/home/huareu/projects/frontend-project-46/src/gendiff.js","statementMap":{"0":{"start":{"line":7,"column":20},"end":{"line":7,"column":71}},"1":{"start":{"line":7,"column":34},"end":{"line":7,"column":71}},"2":{"start":{"line":8,"column":25},"end":{"line":8,"column":68}},"3":{"start":{"line":8,"column":39},"end":{"line":8,"column":68}},"4":{"start":{"line":9,"column":17},"end":{"line":9,"column":65}},"5":{"start":{"line":9,"column":31},"end":{"line":9,"column":65}},"6":{"start":{"line":12,"column":20},"end":{"line":12,"column":42}},"7":{"start":{"line":13,"column":20},"end":{"line":13,"column":42}},"8":{"start":{"line":15,"column":26},"end":{"line":15,"column":85}},"9":{"start":{"line":16,"column":26},"end":{"line":16,"column":85}},"10":{"start":{"line":18,"column":21},"end":{"line":18,"column":66}},"11":{"start":{"line":20,"column":2},"end":{"line":20,"column":41}}},"fnMap":{"0":{"name":"(anonymous_0)","decl":{"start":{"line":7,"column":20},"end":{"line":7,"column":21}},"loc":{"start":{"line":7,"column":34},"end":{"line":7,"column":71}},"line":7},"1":{"name":"(anonymous_1)","decl":{"start":{"line":8,"column":25},"end":{"line":8,"column":26}},"loc":{"start":{"line":8,"column":39},"end":{"line":8,"column":68}},"line":8},"2":{"name":"(anonymous_2)","decl":{"start":{"line":9,"column":17},"end":{"line":9,"column":18}},"loc":{"start":{"line":9,"column":31},"end":{"line":9,"column":65}},"line":9},"3":{"name":"gendiff","decl":{"start":{"line":11,"column":24},"end":{"line":11,"column":31}},"loc":{"start":{"line":11,"column":78},"end":{"line":21,"column":1}},"line":11}},"branchMap":{"0":{"loc":{"start":{"line":11,"column":54},"end":{"line":11,"column":76}},"type":"default-arg","locations":[{"start":{"line":11,"column":67},"end":{"line":11,"column":76}}],"line":11}},"s":{"0":1,"1":18,"2":1,"3":18,"4":1,"5":18,"6":9,"7":9,"8":9,"9":9,"10":9,"11":9},"f":{"0":18,"1":18,"2":18,"3":9},"b":{"0":[0]},"_coverageSchema":"1a1c01bbd47fc00a2c39e90264f33305004495a9","hash":"3be770dd66969d8534179cba0def02a58dfad52e"}
,"/home/huareu/projects/frontend-project-46/src/parseFile.js": {"path":"/home/huareu/projects/frontend-project-46/src/parseFile.js","statementMap":{"0":{"start":{"line":4,"column":2},"end":{"line":13,"column":3}},"1":{"start":{"line":6,"column":6},"end":{"line":6,"column":37}},"2":{"start":{"line":8,"column":6},"end":{"line":8,"column":36}},"3":{"start":{"line":10,"column":6},"end":{"line":10,"column":36}},"4":{"start":{"line":12,"column":6},"end":{"line":12,"column":62}}},"fnMap":{"0":{"name":"parseFile","decl":{"start":{"line":3,"column":24},"end":{"line":3,"column":33}},"loc":{"start":{"line":3,"column":59},"end":{"line":14,"column":1}},"line":3}},"branchMap":{"0":{"loc":{"start":{"line":4,"column":2},"end":{"line":13,"column":3}},"type":"switch","locations":[{"start":{"line":5,"column":4},"end":{"line":6,"column":37}},{"start":{"line":7,"column":4},"end":{"line":8,"column":36}},{"start":{"line":9,"column":4},"end":{"line":10,"column":36}},{"start":{"line":11,"column":4},"end":{"line":12,"column":62}}],"line":4}},"s":{"0":18,"1":6,"2":6,"3":6,"4":0},"f":{"0":18},"b":{"0":[6,6,6,0]},"_coverageSchema":"1a1c01bbd47fc00a2c39e90264f33305004495a9","hash":"efc9d0aeb5b631648e0b5acbaa0b7d9c7a375181"}
,"/home/huareu/projects/frontend-project-46/src/formatters/index.js": {"path":"/home/huareu/projects/frontend-project-46/src/formatters/index.js","statementMap":{"0":{"start":{"line":6,"column":2},"end":{"line":15,"column":3}},"1":{"start":{"line":8,"column":6},"end":{"line":8,"column":33}},"2":{"start":{"line":10,"column":6},"end":{"line":10,"column":31}},"3":{"start":{"line":12,"column":6},"end":{"line":12,"column":30}},"4":{"start":{"line":14,"column":6},"end":{"line":14,"column":80}}},"fnMap":{"0":{"name":"formatData","decl":{"start":{"line":5,"column":24},"end":{"line":5,"column":34}},"loc":{"start":{"line":5,"column":59},"end":{"line":16,"column":1}},"line":5}},"branchMap":{"0":{"loc":{"start":{"line":6,"column":2},"end":{"line":15,"column":3}},"type":"switch","locations":[{"start":{"line":7,"column":4},"end":{"line":8,"column":33}},{"start":{"line":9,"column":4},"end":{"line":10,"column":31}},{"start":{"line":11,"column":4},"end":{"line":12,"column":30}},{"start":{"line":13,"column":4},"end":{"line":14,"column":80}}],"line":6}},"s":{"0":9,"1":3,"2":3,"3":3,"4":0},"f":{"0":9},"b":{"0":[3,3,3,0]},"_coverageSchema":"1a1c01bbd47fc00a2c39e90264f33305004495a9","hash":"728c6830f7fd39c3ab9ad32eaccea2924a999ee0"}
,"/home/huareu/projects/frontend-project-46/src/formatters/json.js": {"path":"/home/huareu/projects/frontend-project-46/src/formatters/json.js","statementMap":{"0":{"start":{"line":1,"column":31},"end":{"line":1,"column":66}}},"fnMap":{"0":{"name":"(anonymous_0)","decl":{"start":{"line":1,"column":15},"end":{"line":1,"column":16}},"loc":{"start":{"line":1,"column":31},"end":{"line":1,"column":66}},"line":1}},"branchMap":{},"s":{"0":3},"f":{"0":3},"b":{},"_coverageSchema":"1a1c01bbd47fc00a2c39e90264f33305004495a9","hash":"31944c75296e0fb0bfe26dc1b1594358ca371d75"}
,"/home/huareu/projects/frontend-project-46/src/formatters/plain.js": {"path":"/home/huareu/projects/frontend-project-46/src/formatters/plain.js","statementMap":{"0":{"start":{"line":3,"column":18},"end":{"line":8,"column":1}},"1":{"start":{"line":4,"column":2},"end":{"line":6,"column":3}},"2":{"start":{"line":5,"column":4},"end":{"line":5,"column":29}},"3":{"start":{"line":7,"column":2},"end":{"line":7,"column":58}},"4":{"start":{"line":11,"column":15},"end":{"line":30,"column":4}},"5":{"start":{"line":14,"column":8},"end":{"line":14,"column":12}},"6":{"start":{"line":15,"column":23},"end":{"line":15,"column":66}},"7":{"start":{"line":16,"column":4},"end":{"line":29,"column":5}},"8":{"start":{"line":18,"column":8},"end":{"line":18,"column":40}},"9":{"start":{"line":20,"column":8},"end":{"line":20,"column":84}},"10":{"start":{"line":22,"column":8},"end":{"line":22,"column":54}},"11":{"start":{"line":24,"column":8},"end":{"line":24,"column":105}},"12":{"start":{"line":26,"column":8},"end":{"line":26,"column":18}},"13":{"start":{"line":28,"column":8},"end":{"line":28,"column":68}},"14":{"start":{"line":31,"column":2},"end":{"line":31,"column":25}}},"fnMap":{"0":{"name":"(anonymous_0)","decl":{"start":{"line":3,"column":18},"end":{"line":3,"column":19}},"loc":{"start":{"line":3,"column":29},"end":{"line":8,"column":1}},"line":3},"1":{"name":"plain","decl":{"start":{"line":10,"column":24},"end":{"line":10,"column":29}},"loc":{"start":{"line":10,"column":58},"end":{"line":32,"column":1}},"line":10},"2":{"name":"(anonymous_2)","decl":{"start":{"line":11,"column":32},"end":{"line":11,"column":33}},"loc":{"start":{"line":11,"column":42},"end":{"line":30,"column":3}},"line":11}},"branchMap":{"0":{"loc":{"start":{"line":4,"column":2},"end":{"line":6,"column":3}},"type":"if","locations":[{"start":{"line":4,"column":2},"end":{"line":6,"column":3}},{"start":{},"end":{}}],"line":4},"1":{"loc":{"start":{"line":7,"column":9},"end":{"line":7,"column":57}},"type":"cond-expr","locations":[{"start":{"line":7,"column":29},"end":{"line":7,"column":41}},{"start":{"line":7,"column":44},"end":{"line":7,"column":57}}],"line":7},"2":{"loc":{"start":{"line":10,"column":40},"end":{"line":10,"column":56}},"type":"default-arg","locations":[{"start":{"line":10,"column":54},"end":{"line":10,"column":56}}],"line":10},"3":{"loc":{"start":{"line":15,"column":23},"end":{"line":15,"column":66}},"type":"cond-expr","locations":[{"start":{"line":15,"column":37},"end":{"line":15,"column":60}},{"start":{"line":15,"column":63},"end":{"line":15,"column":66}}],"line":15},"4":{"loc":{"start":{"line":16,"column":4},"end":{"line":29,"column":5}},"type":"switch","locations":[{"start":{"line":17,"column":6},"end":{"line":18,"column":40}},{"start":{"line":19,"column":6},"end":{"line":20,"column":84}},{"start":{"line":21,"column":6},"end":{"line":22,"column":54}},{"start":{"line":23,"column":6},"end":{"line":24,"column":105}},{"start":{"line":25,"column":6},"end":{"line":26,"column":18}},{"start":{"line":27,"column":6},"end":{"line":28,"column":68}}],"line":16}},"s":{"0":1,"1":39,"2":9,"3":30,"4":15,"5":54,"6":54,"7":54,"8":12,"9":15,"10":6,"11":12,"12":9,"13":0,"14":15},"f":{"0":39,"1":15,"2":54},"b":{"0":[9,30],"1":[21,9],"2":[3],"3":[42,12],"4":[12,15,6,12,9,0]},"_coverageSchema":"1a1c01bbd47fc00a2c39e90264f33305004495a9","hash":"3c1338081e847efb521e43fa99e2fbc5d8fe53cc"}
,"/home/huareu/projects/frontend-project-46/src/formatters/stylish.js": {"path":"/home/huareu/projects/frontend-project-46/src/formatters/stylish.js","statementMap":{"0":{"start":{"line":3,"column":18},"end":{"line":3,"column":88}},"1":{"start":{"line":3,"column":57},"end":{"line":3,"column":88}},"2":{"start":{"line":6,"column":2},"end":{"line":8,"column":3}},"3":{"start":{"line":7,"column":4},"end":{"line":7,"column":22}},"4":{"start":{"line":10,"column":17},"end":{"line":10,"column":33}},"5":{"start":{"line":11,"column":24},"end":{"line":11,"column":44}},"6":{"start":{"line":13,"column":15},"end":{"line":13,"column":105}},"7":{"start":{"line":13,"column":57},"end":{"line":13,"column":104}},"8":{"start":{"line":15,"column":2},"end":{"line":17,"column":15}},"9":{"start":{"line":21,"column":17},"end":{"line":21,"column":46}},"10":{"start":{"line":22,"column":24},"end":{"line":22,"column":44}},"11":{"start":{"line":23,"column":15},"end":{"line":44,"column":4}},"12":{"start":{"line":26,"column":8},"end":{"line":26,"column":12}},"13":{"start":{"line":27,"column":4},"end":{"line":43,"column":5}},"14":{"start":{"line":29,"column":8},"end":{"line":29,"column":65}},"15":{"start":{"line":31,"column":8},"end":{"line":31,"column":67}},"16":{"start":{"line":33,"column":8},"end":{"line":33,"column":67}},"17":{"start":{"line":35,"column":8},"end":{"line":38,"column":21}},"18":{"start":{"line":40,"column":8},"end":{"line":40,"column":67}},"19":{"start":{"line":42,"column":8},"end":{"line":42,"column":70}},"20":{"start":{"line":45,"column":2},"end":{"line":47,"column":15}}},"fnMap":{"0":{"name":"(anonymous_0)","decl":{"start":{"line":3,"column":18},"end":{"line":3,"column":19}},"loc":{"start":{"line":3,"column":57},"end":{"line":3,"column":88}},"line":3},"1":{"name":"stringify","decl":{"start":{"line":5,"column":9},"end":{"line":5,"column":18}},"loc":{"start":{"line":5,"column":34},"end":{"line":18,"column":1}},"line":5},"2":{"name":"(anonymous_2)","decl":{"start":{"line":13,"column":41},"end":{"line":13,"column":42}},"loc":{"start":{"line":13,"column":57},"end":{"line":13,"column":104}},"line":13},"3":{"name":"stylish","decl":{"start":{"line":20,"column":24},"end":{"line":20,"column":31}},"loc":{"start":{"line":20,"column":56},"end":{"line":48,"column":1}},"line":20},"4":{"name":"(anonymous_4)","decl":{"start":{"line":23,"column":30},"end":{"line":23,"column":31}},"loc":{"start":{"line":23,"column":40},"end":{"line":44,"column":3}},"line":23}},"branchMap":{"0":{"loc":{"start":{"line":3,"column":26},"end":{"line":3,"column":40}},"type":"default-arg","locations":[{"start":{"line":3,"column":37},"end":{"line":3,"column":40}}],"line":3},"1":{"loc":{"start":{"line":3,"column":42},"end":{"line":3,"column":52}},"type":"default-arg","locations":[{"start":{"line":3,"column":51},"end":{"line":3,"column":52}}],"line":3},"2":{"loc":{"start":{"line":6,"column":2},"end":{"line":8,"column":3}},"type":"if","locations":[{"start":{"line":6,"column":2},"end":{"line":8,"column":3}},{"start":{},"end":{}}],"line":6},"3":{"loc":{"start":{"line":20,"column":45},"end":{"line":20,"column":54}},"type":"default-arg","locations":[{"start":{"line":20,"column":53},"end":{"line":20,"column":54}}],"line":20},"4":{"loc":{"start":{"line":27,"column":4},"end":{"line":43,"column":5}},"type":"switch","locations":[{"start":{"line":28,"column":6},"end":{"line":29,"column":65}},{"start":{"line":30,"column":6},"end":{"line":31,"column":67}},{"start":{"line":32,"column":6},"end":{"line":33,"column":67}},{"start":{"line":34,"column":6},"end":{"line":38,"column":21}},{"start":{"line":39,"column":6},"end":{"line":40,"column":67}},{"start":{"line":41,"column":6},"end":{"line":42,"column":70}}],"line":27}},"s":{"0":1,"1":72,"2":81,"3":60,"4":21,"5":21,"6":21,"7":27,"8":21,"9":15,"10":15,"11":15,"12":54,"13":54,"14":12,"15":15,"16":6,"17":12,"18":9,"19":0,"20":15},"f":{"0":72,"1":81,"2":27,"3":15,"4":54},"b":{"0":[72],"1":[72],"2":[60,21],"3":[3],"4":[12,15,6,12,9,0]},"_coverageSchema":"1a1c01bbd47fc00a2c39e90264f33305004495a9","hash":"666306570de4440c24272e78f1857c5de13a5bdc"}
}
