TN:
SF:src/compareData.js
FN:3,compareData
FN:6,(anonymous_1)
FNF:2
FNH:2
FNDA:45,compareData
FNDA:162,(anonymous_1)
DA:4,45
DA:6,45
DA:7,162
DA:8,36
DA:11,126
DA:12,45
DA:14,81
DA:15,18
DA:17,63
DA:18,36
DA:23,27
DA:26,45
LF:12
LH:12
BRDA:7,0,0,36
BRDA:7,0,1,126
BRDA:7,1,0,162
BRDA:7,1,1,54
BRDA:11,2,0,45
BRDA:11,2,1,81
BRDA:14,3,0,18
BRDA:14,3,1,63
BRDA:17,4,0,36
BRDA:17,4,1,27
BRF:10
BRH:10
end_of_record
TN:
SF:src/gendiff.js
FN:7,(anonymous_0)
FN:8,(anonymous_1)
FN:9,(anonymous_2)
FN:11,gendiff
FNF:4
FNH:4
FNDA:18,(anonymous_0)
FNDA:18,(anonymous_1)
FNDA:18,(anonymous_2)
FNDA:9,gendiff
DA:7,18
DA:8,18
DA:9,18
DA:12,9
DA:13,9
DA:15,9
DA:16,9
DA:18,9
DA:20,9
LF:9
LH:9
BRDA:11,0,0,0
BRF:1
BRH:0
end_of_record
TN:
SF:src/parseFile.js
FN:3,parseFile
FNF:1
FNH:1
FNDA:18,parseFile
DA:4,18
DA:6,6
DA:8,6
DA:10,6
DA:12,0
LF:5
LH:4
BRDA:4,0,0,6
BRDA:4,0,1,6
BRDA:4,0,2,6
BRDA:4,0,3,0
BRF:4
BRH:3
end_of_record
TN:
SF:src/formatters/index.js
FN:5,formatData
FNF:1
FNH:1
FNDA:9,formatData
DA:6,9
DA:8,3
DA:10,3
DA:12,3
DA:14,0
LF:5
LH:4
BRDA:6,0,0,3
BRDA:6,0,1,3
BRDA:6,0,2,3
BRDA:6,0,3,0
BRF:4
BRH:3
end_of_record
TN:
SF:src/formatters/json.js
FN:1,(anonymous_0)
FNF:1
FNH:1
FNDA:3,(anonymous_0)
DA:1,3
LF:1
LH:1
BRF:0
BRH:0
end_of_record
TN:
SF:src/formatters/plain.js
FN:3,(anonymous_0)
FN:10,plain
FN:11,(anonymous_2)
FNF:3
FNH:3
FNDA:39,(anonymous_0)
FNDA:15,plain
FNDA:54,(anonymous_2)
DA:3,1
DA:4,39
DA:5,9
DA:7,30
DA:11,15
DA:14,54
DA:15,54
DA:16,54
DA:18,12
DA:20,15
DA:22,6
DA:24,12
DA:26,9
DA:28,0
DA:31,15
LF:15
LH:14
BRDA:4,0,0,9
BRDA:4,0,1,30
BRDA:7,1,0,21
BRDA:7,1,1,9
BRDA:10,2,0,3
BRDA:15,3,0,42
BRDA:15,3,1,12
BRDA:16,4,0,12
BRDA:16,4,1,15
BRDA:16,4,2,6
BRDA:16,4,3,12
BRDA:16,4,4,9
BRDA:16,4,5,0
BRF:13
BRH:12
end_of_record
TN:
SF:src/formatters/stylish.js
FN:3,(anonymous_0)
FN:5,stringify
FN:13,(anonymous_2)
FN:20,stylish
FN:23,(anonymous_4)
FNF:5
FNH:5
FNDA:72,(anonymous_0)
FNDA:81,stringify
FNDA:27,(anonymous_2)
FNDA:15,stylish
FNDA:54,(anonymous_4)
DA:3,72
DA:6,81
DA:7,60
DA:10,21
DA:11,21
DA:13,27
DA:15,21
DA:21,15
DA:22,15
DA:23,15
DA:26,54
DA:27,54
DA:29,12
DA:31,15
DA:33,6
DA:35,12
DA:40,9
DA:42,0
DA:45,15
LF:19
LH:18
BRDA:3,0,0,72
BRDA:3,1,0,72
BRDA:6,2,0,60
BRDA:6,2,1,21
BRDA:20,3,0,3
BRDA:27,4,0,12
BRDA:27,4,1,15
BRDA:27,4,2,6
BRDA:27,4,3,12
BRDA:27,4,4,9
BRDA:27,4,5,0
BRF:11
BRH:10
end_of_record
